Using pre-set license

 COMMAND LINE ARGUMENTS:
/Applications/Unity/Hub/Editor/2020.2.0f1/Unity.app/Contents/MacOS/Unity
-adb2
-batchMode
-noUpm
-name
AssetImportWorker0
-projectPath
/Users/aaronlott/Documents/Unity Projects/AT_FLUID_SIMULATION
-logFile
Logs/AssetImportWorker0.log
-srvPort
49962
Successfully changed project path to: /Users/aaronlott/Documents/Unity Projects/AT_FLUID_SIMULATION
/Users/aaronlott/Documents/Unity Projects/AT_FLUID_SIMULATION
Using Asset Import Pipeline V2.
Refreshing native plugins compatible for Editor in 19.93 ms, found 1 plugins.
Preloading 0 native plugins for Editor in 0.00 ms.
Initialize engine version: 2020.2.0f1 (3721df5a8b28)
[Subsystems] Discovering subsystems at path /Applications/Unity/Hub/Editor/2020.2.0f1/Unity.app/Contents/Resources/UnitySubsystems
[Subsystems] Discovering subsystems at path /Users/aaronlott/Documents/Unity Projects/AT_FLUID_SIMULATION/Assets
GfxDevice: creating device client; threaded=0
2021-04-26 22:20:37.038 Unity[1088:18950] (null) preferred device: Apple M1 (high power)
2021-04-26 22:20:37.038 Unity[1088:18950] Metal devices available: 1
2021-04-26 22:20:37.038 Unity[1088:18950] 0: Apple M1 (high power)
2021-04-26 22:20:37.038 Unity[1088:18950] Using device Apple M1 (high power)
Initializing Metal device caps: Apple M1
Initialize mono
Mono path[0] = '/Applications/Unity/Hub/Editor/2020.2.0f1/Unity.app/Contents/Managed'
Mono path[1] = '/Applications/Unity/Hub/Editor/2020.2.0f1/Unity.app/Contents/MonoBleedingEdge/lib/mono/unityjit'
Mono config path = '/Applications/Unity/Hub/Editor/2020.2.0f1/Unity.app/Contents/MonoBleedingEdge/etc'
Using monoOptions --debugger-agent=transport=dt_socket,embedding=1,server=y,suspend=n,address=127.0.0.1:56088
Begin MonoManager ReloadAssembly
Registering precompiled unity dll's ...
Register platform support module: /Applications/Unity/Hub/Editor/2020.2.0f1/Unity.app/Contents/PlaybackEngines/MacStandaloneSupport/UnityEditor.OSXStandalone.Extensions.dll
Registered in 0.001040 seconds.
Native extension for OSXStandalone target not found
Refreshing native plugins compatible for Editor in 20.72 ms, found 1 plugins.
Preloading 0 native plugins for Editor in 0.00 ms.
Invoked RoslynAnalysisRunner static constructor.
RoslynAnalysisRunner will not be running.
RoslynAnalysisRunner has terminated.
Mono: successfully reloaded assembly
- Completed reload, in  1.932 seconds
Platform modules already initialized, skipping
Registering precompiled user dll's ...
Registered in 0.000719 seconds.
Begin MonoManager ReloadAssembly
Native extension for OSXStandalone target not found
Refreshing native plugins compatible for Editor in 0.18 ms, found 1 plugins.
Preloading 0 native plugins for Editor in 0.00 ms.
Invoked RoslynAnalysisRunner static constructor.
RoslynAnalysisRunner will not be running.
RoslynAnalysisRunner has terminated.
Mono: successfully reloaded assembly
- Completed reload, in  1.616 seconds
Platform modules already initialized, skipping
========================================================================
Worker process is ready to serve import requests
Launching external process: /Applications/Unity/Hub/Editor/2020.2.0f1/Unity.app/Contents/Tools/UnityShaderCompiler
Launched and connected shader compiler UnityShaderCompiler after 0.03 seconds
Refreshing native plugins compatible for Editor in 0.17 ms, found 1 plugins.
Preloading 0 native plugins for Editor in 0.00 ms.
Unloading 1106 Unused Serialized files (Serialized files now loaded: 0)
System memory in use before: 109.4 MB.
System memory in use after: 109.5 MB.

Unloading 10 unused Assets to reduce memory usage. Loaded Objects now: 1552.
Total: 1.351334 ms (FindLiveObjects: 0.105667 ms CreateObjectMapping: 0.025209 ms MarkObjects: 1.153292 ms  DeleteObjects: 0.066375 ms)

========================================================================
Received Import Request.
  path: Assets/Fonts
  artifactKey: Guid(ad963e686dd4446118ba9a4b22ea90cd) Importer(815301076,1909f56bfc062723c751e8b465ee728b)
Start importing Assets/Fonts using Guid(ad963e686dd4446118ba9a4b22ea90cd) Importer(815301076,1909f56bfc062723c751e8b465ee728b)  -> (artifact id: '08028c4441c7b313bc876d037e52ea51') in 0.006103 seconds
  Import took 0.007955 seconds .

========================================================================
Received Import Request.
  Time since last request: 7.140457 seconds.
  path: Assets/Fonts/LEMONMILK-Bold.otf
  artifactKey: Guid(097c10876b56b4998964cf55c8161ce6) Importer(815301076,1909f56bfc062723c751e8b465ee728b)
Start importing Assets/Fonts/LEMONMILK-Bold.otf using Guid(097c10876b56b4998964cf55c8161ce6) Importer(815301076,1909f56bfc062723c751e8b465ee728b)  -> (artifact id: '771a0b9728ddae0e950d38bddd08503a') in 1.162899 seconds
  Import took 1.165104 seconds .

========================================================================
Received Import Request.
  Time since last request: 0.000229 seconds.
  path: Assets/Fonts/LEMONMILK-MediumItalic.otf
  artifactKey: Guid(050ae3c4001bd4b019b35783f40ae94b) Importer(815301076,1909f56bfc062723c751e8b465ee728b)
Start importing Assets/Fonts/LEMONMILK-MediumItalic.otf using Guid(050ae3c4001bd4b019b35783f40ae94b) Importer(815301076,1909f56bfc062723c751e8b465ee728b)  -> (artifact id: '61086815d50907e82eda8e549e328e95') in 0.012841 seconds
  Import took 0.014534 seconds .

========================================================================
Received Import Request.
  Time since last request: 0.000203 seconds.
  path: Assets/Fonts/LEMONMILK-BoldItalic.otf
  artifactKey: Guid(c445ef4878a424feab661681d40c4a76) Importer(815301076,1909f56bfc062723c751e8b465ee728b)
Start importing Assets/Fonts/LEMONMILK-BoldItalic.otf using Guid(c445ef4878a424feab661681d40c4a76) Importer(815301076,1909f56bfc062723c751e8b465ee728b)  -> (artifact id: '685c8f672e024015b5a9c7c6bcb482d0') in 0.007257 seconds
  Import took 0.008503 seconds .

========================================================================
Received Import Request.
  Time since last request: 0.000200 seconds.
  path: Assets/Fonts/LEMONMILK-Light.otf
  artifactKey: Guid(fd14e1b87aff248769c25a0e34deb02a) Importer(815301076,1909f56bfc062723c751e8b465ee728b)
Start importing Assets/Fonts/LEMONMILK-Light.otf using Guid(fd14e1b87aff248769c25a0e34deb02a) Importer(815301076,1909f56bfc062723c751e8b465ee728b)  -> (artifact id: '3feabc1abeb21d3cdc2bf391136823ae') in 0.009104 seconds
  Import took 0.010625 seconds .

========================================================================
Received Import Request.
  Time since last request: 0.000197 seconds.
  path: Assets/Fonts/LEMONMILK-LightItalic.otf
  artifactKey: Guid(3b40f39eb404c4d6eab02e64428d54f6) Importer(815301076,1909f56bfc062723c751e8b465ee728b)
Start importing Assets/Fonts/LEMONMILK-LightItalic.otf using Guid(3b40f39eb404c4d6eab02e64428d54f6) Importer(815301076,1909f56bfc062723c751e8b465ee728b)  -> (artifact id: 'bc9fa73149578cc3d797efcb1c5698ef') in 0.007573 seconds
  Import took 0.008884 seconds .

========================================================================
Received Import Request.
  Time since last request: 0.000205 seconds.
  path: Assets/Fonts/LEMONMILK-Medium.otf
  artifactKey: Guid(0aa959b1da00149d189c299773d70018) Importer(815301076,1909f56bfc062723c751e8b465ee728b)
Start importing Assets/Fonts/LEMONMILK-Medium.otf using Guid(0aa959b1da00149d189c299773d70018) Importer(815301076,1909f56bfc062723c751e8b465ee728b)  -> (artifact id: '2ec45bc015daec21f6089a0c50a3d6b9') in 0.008327 seconds
  Import took 0.010602 seconds .

========================================================================
Received Import Request.
  Time since last request: 0.000247 seconds.
  path: Assets/Fonts/LEMONMILK-Regular.otf
  artifactKey: Guid(e054ec80da33b46b2a3b90ac266990e5) Importer(815301076,1909f56bfc062723c751e8b465ee728b)
Start importing Assets/Fonts/LEMONMILK-Regular.otf using Guid(e054ec80da33b46b2a3b90ac266990e5) Importer(815301076,1909f56bfc062723c751e8b465ee728b)  -> (artifact id: 'fa4d28a57d0e73b0ca2899e7731b78a8') in 0.013704 seconds
  Import took 0.015153 seconds .

========================================================================
Received Import Request.
  Time since last request: 0.000206 seconds.
  path: Assets/Fonts/LEMONMILK-RegularItalic.otf
  artifactKey: Guid(11a5233ee03154b3ebbaf24d6ba01847) Importer(815301076,1909f56bfc062723c751e8b465ee728b)
Start importing Assets/Fonts/LEMONMILK-RegularItalic.otf using Guid(11a5233ee03154b3ebbaf24d6ba01847) Importer(815301076,1909f56bfc062723c751e8b465ee728b)  -> (artifact id: 'c77200fd8582bc784fb63efe6686d195') in 0.007238 seconds
  Import took 0.008604 seconds .

========================================================================
Received Prepare
Registering precompiled user dll's ...
Registered in 0.000748 seconds.
Begin MonoManager ReloadAssembly
Native extension for OSXStandalone target not found
Refreshing native plugins compatible for Editor in 0.18 ms, found 1 plugins.
Preloading 0 native plugins for Editor in 0.00 ms.
Invoked RoslynAnalysisRunner static constructor.
RoslynAnalysisRunner will not be running.
RoslynAnalysisRunner has terminated.
Mono: successfully reloaded assembly
- Completed reload, in  1.691 seconds
Platform modules already initialized, skipping
Refreshing native plugins compatible for Editor in 0.17 ms, found 1 plugins.
Preloading 0 native plugins for Editor in 0.00 ms.
Unloading 1102 Unused Serialized files (Serialized files now loaded: 0)
System memory in use before: 118.3 MB.
System memory in use after: 118.3 MB.

Unloading 5 unused Assets to reduce memory usage. Loaded Objects now: 1599.
Total: 1.392667 ms (FindLiveObjects: 0.123083 ms CreateObjectMapping: 0.023916 ms MarkObjects: 1.200375 ms  DeleteObjects: 0.044292 ms)

========================================================================
Received Import Request.
  Time since last request: 1066.572131 seconds.
  path: Assets/Scripts/UISlider.cs
  artifactKey: Guid(ef834e109b30e41f192acd6d630968cf) Importer(815301076,1909f56bfc062723c751e8b465ee728b)
Start importing Assets/Scripts/UISlider.cs using Guid(ef834e109b30e41f192acd6d630968cf) Importer(815301076,1909f56bfc062723c751e8b465ee728b)  -> (artifact id: '29c645acbe88def6015ea69b043060e3') in 1.687452 seconds
  Import took 1.688953 seconds .

========================================================================
Received Prepare
Registering precompiled user dll's ...
Registered in 0.000259 seconds.
Begin MonoManager ReloadAssembly
Native extension for OSXStandalone target not found
Refreshing native plugins compatible for Editor in 0.20 ms, found 1 plugins.
Preloading 0 native plugins for Editor in 0.00 ms.
Invoked RoslynAnalysisRunner static constructor.
RoslynAnalysisRunner will not be running.
RoslynAnalysisRunner has terminated.
Mono: successfully reloaded assembly
- Completed reload, in  1.740 seconds
Platform modules already initialized, skipping
Refreshing native plugins compatible for Editor in 0.18 ms, found 1 plugins.
Preloading 0 native plugins for Editor in 0.00 ms.
Unloading 1102 Unused Serialized files (Serialized files now loaded: 0)
System memory in use before: 123.0 MB.
System memory in use after: 123.0 MB.

Unloading 5 unused Assets to reduce memory usage. Loaded Objects now: 1601.
Total: 1.372667 ms (FindLiveObjects: 0.132500 ms CreateObjectMapping: 0.024583 ms MarkObjects: 1.164750 ms  DeleteObjects: 0.049542 ms)

========================================================================
Received Prepare
Registering precompiled user dll's ...
Registered in 0.000296 seconds.
Begin MonoManager ReloadAssembly
Native extension for OSXStandalone target not found
Refreshing native plugins compatible for Editor in 0.17 ms, found 1 plugins.
Preloading 0 native plugins for Editor in 0.00 ms.
Invoked RoslynAnalysisRunner static constructor.
RoslynAnalysisRunner will not be running.
RoslynAnalysisRunner has terminated.
Mono: successfully reloaded assembly
- Completed reload, in  1.684 seconds
Platform modules already initialized, skipping
Refreshing native plugins compatible for Editor in 0.14 ms, found 1 plugins.
Preloading 0 native plugins for Editor in 0.00 ms.
Unloading 1102 Unused Serialized files (Serialized files now loaded: 0)
System memory in use before: 123.6 MB.
System memory in use after: 123.7 MB.

Unloading 5 unused Assets to reduce memory usage. Loaded Objects now: 1603.
Total: 1.366959 ms (FindLiveObjects: 0.122000 ms CreateObjectMapping: 0.025125 ms MarkObjects: 1.175416 ms  DeleteObjects: 0.043750 ms)

========================================================================
Received Prepare
Registering precompiled user dll's ...
Registered in 0.000288 seconds.
Begin MonoManager ReloadAssembly
Native extension for OSXStandalone target not found
Refreshing native plugins compatible for Editor in 0.18 ms, found 1 plugins.
Preloading 0 native plugins for Editor in 0.00 ms.
Invoked RoslynAnalysisRunner static constructor.
RoslynAnalysisRunner will not be running.
RoslynAnalysisRunner has terminated.
Mono: successfully reloaded assembly
- Completed reload, in  1.737 seconds
Platform modules already initialized, skipping
Refreshing native plugins compatible for Editor in 0.17 ms, found 1 plugins.
Preloading 0 native plugins for Editor in 0.00 ms.
Unloading 1102 Unused Serialized files (Serialized files now loaded: 0)
System memory in use before: 124.2 MB.
System memory in use after: 124.3 MB.

Unloading 5 unused Assets to reduce memory usage. Loaded Objects now: 1605.
Total: 1.351375 ms (FindLiveObjects: 0.125042 ms CreateObjectMapping: 0.023750 ms MarkObjects: 1.152417 ms  DeleteObjects: 0.049166 ms)

========================================================================
Received Prepare
Registering precompiled user dll's ...
Registered in 0.000209 seconds.
Begin MonoManager ReloadAssembly
Native extension for OSXStandalone target not found
Refreshing native plugins compatible for Editor in 0.17 ms, found 1 plugins.
Preloading 0 native plugins for Editor in 0.00 ms.
Invoked RoslynAnalysisRunner static constructor.
RoslynAnalysisRunner will not be running.
RoslynAnalysisRunner has terminated.
Mono: successfully reloaded assembly
- Completed reload, in  1.596 seconds
Platform modules already initialized, skipping
Refreshing native plugins compatible for Editor in 0.13 ms, found 1 plugins.
Preloading 0 native plugins for Editor in 0.00 ms.
Unloading 1102 Unused Serialized files (Serialized files now loaded: 0)
System memory in use before: 124.5 MB.
System memory in use after: 124.6 MB.

Unloading 5 unused Assets to reduce memory usage. Loaded Objects now: 1607.
Total: 1.343125 ms (FindLiveObjects: 0.106125 ms CreateObjectMapping: 0.024625 ms MarkObjects: 1.171541 ms  DeleteObjects: 0.040000 ms)

========================================================================
Received Prepare
Registering precompiled user dll's ...
Registered in 0.000242 seconds.
Begin MonoManager ReloadAssembly
Native extension for OSXStandalone target not found
Refreshing native plugins compatible for Editor in 0.18 ms, found 1 plugins.
Preloading 0 native plugins for Editor in 0.00 ms.
Invoked RoslynAnalysisRunner static constructor.
RoslynAnalysisRunner will not be running.
RoslynAnalysisRunner has terminated.
Mono: successfully reloaded assembly
- Completed reload, in  1.619 seconds
Platform modules already initialized, skipping
Refreshing native plugins compatible for Editor in 0.16 ms, found 1 plugins.
Preloading 0 native plugins for Editor in 0.00 ms.
Unloading 1102 Unused Serialized files (Serialized files now loaded: 0)
System memory in use before: 124.3 MB.
System memory in use after: 124.4 MB.

Unloading 5 unused Assets to reduce memory usage. Loaded Objects now: 1609.
Total: 1.440250 ms (FindLiveObjects: 0.112375 ms CreateObjectMapping: 0.024084 ms MarkObjects: 1.221417 ms  DeleteObjects: 0.081583 ms)

========================================================================
Received Prepare
Registering precompiled user dll's ...
Registered in 0.000210 seconds.
Begin MonoManager ReloadAssembly
Native extension for OSXStandalone target not found
Refreshing native plugins compatible for Editor in 0.18 ms, found 1 plugins.
Preloading 0 native plugins for Editor in 0.00 ms.
Invoked RoslynAnalysisRunner static constructor.
RoslynAnalysisRunner will not be running.
RoslynAnalysisRunner has terminated.
Mono: successfully reloaded assembly
- Completed reload, in  1.633 seconds
Platform modules already initialized, skipping
Refreshing native plugins compatible for Editor in 0.17 ms, found 1 plugins.
Preloading 0 native plugins for Editor in 0.00 ms.
Unloading 1102 Unused Serialized files (Serialized files now loaded: 0)
System memory in use before: 124.8 MB.
System memory in use after: 124.9 MB.

Unloading 5 unused Assets to reduce memory usage. Loaded Objects now: 1611.
Total: 1.287291 ms (FindLiveObjects: 0.101667 ms CreateObjectMapping: 0.023500 ms MarkObjects: 1.116041 ms  DeleteObjects: 0.045459 ms)

========================================================================
Received Prepare
Registering precompiled user dll's ...
Registered in 0.000229 seconds.
Begin MonoManager ReloadAssembly
Native extension for OSXStandalone target not found
Refreshing native plugins compatible for Editor in 0.18 ms, found 1 plugins.
Preloading 0 native plugins for Editor in 0.00 ms.
Invoked RoslynAnalysisRunner static constructor.
RoslynAnalysisRunner will not be running.
RoslynAnalysisRunner has terminated.
Mono: successfully reloaded assembly
- Completed reload, in  1.611 seconds
Platform modules already initialized, skipping
Refreshing native plugins compatible for Editor in 0.13 ms, found 1 plugins.
Preloading 0 native plugins for Editor in 0.00 ms.
Unloading 1102 Unused Serialized files (Serialized files now loaded: 0)
System memory in use before: 125.1 MB.
System memory in use after: 125.1 MB.

Unloading 5 unused Assets to reduce memory usage. Loaded Objects now: 1613.
Total: 1.378084 ms (FindLiveObjects: 0.102833 ms CreateObjectMapping: 0.024834 ms MarkObjects: 1.210541 ms  DeleteObjects: 0.038917 ms)

========================================================================
Received Prepare
Registering precompiled user dll's ...
Registered in 0.000661 seconds.
Begin MonoManager ReloadAssembly
Native extension for OSXStandalone target not found
Refreshing native plugins compatible for Editor in 0.17 ms, found 1 plugins.
Preloading 0 native plugins for Editor in 0.00 ms.
Invoked RoslynAnalysisRunner static constructor.
RoslynAnalysisRunner will not be running.
RoslynAnalysisRunner has terminated.
Mono: successfully reloaded assembly
- Completed reload, in  1.498 seconds
Platform modules already initialized, skipping
Refreshing native plugins compatible for Editor in 0.15 ms, found 1 plugins.
Preloading 0 native plugins for Editor in 0.00 ms.
Unloading 1102 Unused Serialized files (Serialized files now loaded: 0)
System memory in use before: 124.9 MB.
System memory in use after: 125.0 MB.

Unloading 5 unused Assets to reduce memory usage. Loaded Objects now: 1615.
Total: 1.376291 ms (FindLiveObjects: 0.095042 ms CreateObjectMapping: 0.024667 ms MarkObjects: 1.217125 ms  DeleteObjects: 0.038459 ms)

========================================================================
Received Prepare
Registering precompiled user dll's ...
Registered in 0.000309 seconds.
Begin MonoManager ReloadAssembly
Native extension for OSXStandalone target not found
Refreshing native plugins compatible for Editor in 0.18 ms, found 1 plugins.
Preloading 0 native plugins for Editor in 0.00 ms.
Invoked RoslynAnalysisRunner static constructor.
RoslynAnalysisRunner will not be running.
RoslynAnalysisRunner has terminated.
Mono: successfully reloaded assembly
- Completed reload, in  1.650 seconds
Platform modules already initialized, skipping
Refreshing native plugins compatible for Editor in 0.15 ms, found 1 plugins.
Preloading 0 native plugins for Editor in 0.00 ms.
Unloading 1102 Unused Serialized files (Serialized files now loaded: 0)
System memory in use before: 125.4 MB.
System memory in use after: 125.5 MB.

Unloading 5 unused Assets to reduce memory usage. Loaded Objects now: 1617.
Total: 1.397875 ms (FindLiveObjects: 0.150291 ms CreateObjectMapping: 0.024875 ms MarkObjects: 1.178667 ms  DeleteObjects: 0.043375 ms)

========================================================================
Received Prepare
Registering precompiled user dll's ...
Registered in 0.000736 seconds.
Begin MonoManager ReloadAssembly
Native extension for OSXStandalone target not found
Refreshing native plugins compatible for Editor in 0.19 ms, found 1 plugins.
Preloading 0 native plugins for Editor in 0.00 ms.
Invoked RoslynAnalysisRunner static constructor.
RoslynAnalysisRunner will not be running.
RoslynAnalysisRunner has terminated.
Mono: successfully reloaded assembly
- Completed reload, in  1.533 seconds
Platform modules already initialized, skipping
Refreshing native plugins compatible for Editor in 0.15 ms, found 1 plugins.
Preloading 0 native plugins for Editor in 0.00 ms.
Unloading 1102 Unused Serialized files (Serialized files now loaded: 0)
System memory in use before: 125.0 MB.
System memory in use after: 125.1 MB.

Unloading 5 unused Assets to reduce memory usage. Loaded Objects now: 1619.
Total: 1.387250 ms (FindLiveObjects: 0.084417 ms CreateObjectMapping: 0.024959 ms MarkObjects: 1.233291 ms  DeleteObjects: 0.043666 ms)

========================================================================
Received Prepare
Registering precompiled user dll's ...
Registered in 0.000278 seconds.
Begin MonoManager ReloadAssembly
Native extension for OSXStandalone target not found
Refreshing native plugins compatible for Editor in 0.18 ms, found 1 plugins.
Preloading 0 native plugins for Editor in 0.00 ms.
Invoked RoslynAnalysisRunner static constructor.
RoslynAnalysisRunner will not be running.
RoslynAnalysisRunner has terminated.
Mono: successfully reloaded assembly
- Completed reload, in  1.662 seconds
Platform modules already initialized, skipping
Refreshing native plugins compatible for Editor in 0.17 ms, found 1 plugins.
Preloading 0 native plugins for Editor in 0.00 ms.
Unloading 1102 Unused Serialized files (Serialized files now loaded: 0)
System memory in use before: 125.6 MB.
System memory in use after: 125.6 MB.

Unloading 5 unused Assets to reduce memory usage. Loaded Objects now: 1621.
Total: 1.397583 ms (FindLiveObjects: 0.129375 ms CreateObjectMapping: 0.025334 ms MarkObjects: 1.187208 ms  DeleteObjects: 0.054792 ms)

========================================================================
Received Prepare
Registering precompiled user dll's ...
Registered in 0.000242 seconds.
Begin MonoManager ReloadAssembly
Native extension for OSXStandalone target not found
Refreshing native plugins compatible for Editor in 0.18 ms, found 1 plugins.
Preloading 0 native plugins for Editor in 0.00 ms.
Invoked RoslynAnalysisRunner static constructor.
RoslynAnalysisRunner will not be running.
RoslynAnalysisRunner has terminated.
Mono: successfully reloaded assembly
- Completed reload, in  1.492 seconds
Platform modules already initialized, skipping
Refreshing native plugins compatible for Editor in 0.11 ms, found 1 plugins.
Preloading 0 native plugins for Editor in 0.00 ms.
Unloading 1102 Unused Serialized files (Serialized files now loaded: 0)
System memory in use before: 126.0 MB.
System memory in use after: 126.1 MB.

Unloading 5 unused Assets to reduce memory usage. Loaded Objects now: 1623.
Total: 1.349500 ms (FindLiveObjects: 0.103334 ms CreateObjectMapping: 0.025041 ms MarkObjects: 1.178625 ms  DeleteObjects: 0.041542 ms)

